<?xml version="1.0" encoding="UTF-8"?>
<robot generator="Robot 3.2.1 (Python 3.7.2 on win32)" generated="20200508 22:01:16.010" rpa="false">
<suite id="s1" name="RobotProject" source="C:\Users\Administrator\eclipse-workspace\RobotProject">
<suite id="s1-s1" name="Test" source="C:\Users\Administrator\eclipse-workspace\RobotProject\test">
<suite id="s1-s1-s1" name="TestSuite1" source="C:\Users\Administrator\eclipse-workspace\RobotProject\test\TestSuite1.robot">
<kw name="Log" library="BuiltIn" type="setup">
<doc>Logs the given message with the given level.</doc>
<arguments>
<arg>I am inside Test Suite Setup</arg>
</arguments>
<msg timestamp="20200508 22:01:16.703" level="INFO">I am inside Test Suite Setup</msg>
<status status="PASS" starttime="20200508 22:01:16.701" endtime="20200508 22:01:16.704"></status>
</kw>
<test id="s1-s1-s1-t1" name="SampleLoginTest">
<kw name="Log" library="BuiltIn" type="setup">
<doc>Logs the given message with the given level.</doc>
<arguments>
<arg>I am inside Test Setup</arg>
</arguments>
<msg timestamp="20200508 22:01:16.709" level="INFO">I am inside Test Setup</msg>
<status status="PASS" starttime="20200508 22:01:16.708" endtime="20200508 22:01:16.710"></status>
</kw>
<kw name="Open Browser" library="SeleniumLibrary">
<doc>Opens a new browser instance to the optional ``url``.</doc>
<arguments>
<arg>${URL}</arg>
<arg>Chrome</arg>
</arguments>
<msg timestamp="20200508 22:01:16.711" level="INFO">Opening browser 'Chrome' to base url 'https://opensource-demo.orangehrmlive.com/'.</msg>
<status status="PASS" starttime="20200508 22:01:16.711" endtime="20200508 22:01:23.211"></status>
</kw>
<kw name="Set Browser Implicit Wait" library="SeleniumLibrary">
<doc>Sets the implicit wait value used by Selenium.</doc>
<arguments>
<arg>5</arg>
</arguments>
<status status="PASS" starttime="20200508 22:01:23.214" endtime="20200508 22:01:23.220"></status>
</kw>
<kw name="LoginKW">
<kw name="Input Text" library="SeleniumLibrary">
<doc>Types the given ``text`` into the text field identified by ``locator``.</doc>
<arguments>
<arg>id = txtUsername</arg>
<arg>${CREDENTIALS}[0]</arg>
</arguments>
<msg timestamp="20200508 22:01:23.225" level="INFO">Typing text 'Admin' into text field 'id = txtUsername'.</msg>
<status status="PASS" starttime="20200508 22:01:23.223" endtime="20200508 22:01:23.775"></status>
</kw>
<kw name="Input Password" library="SeleniumLibrary">
<doc>Types the given password into the text field identified by ``locator``.</doc>
<arguments>
<arg>id = txtPassword</arg>
<arg>${LOGINDATA}[password]</arg>
</arguments>
<msg timestamp="20200508 22:01:23.778" level="INFO">Typing password into text field 'id = txtPassword'.</msg>
<msg timestamp="20200508 22:01:23.912" level="INFO">Temporally setting log level to: NONE</msg>
<msg timestamp="20200508 22:01:24.055" level="INFO">Log level changed from NONE to INFO.</msg>
<status status="PASS" starttime="20200508 22:01:23.776" endtime="20200508 22:01:24.056"></status>
</kw>
<kw name="Click Button" library="SeleniumLibrary">
<doc>Clicks the button identified by ``locator``.</doc>
<arguments>
<arg>id = btnLogin</arg>
</arguments>
<msg timestamp="20200508 22:01:24.058" level="INFO">Clicking button 'id = btnLogin'.</msg>
<status status="PASS" starttime="20200508 22:01:24.057" endtime="20200508 22:01:25.648"></status>
</kw>
<status status="PASS" starttime="20200508 22:01:23.221" endtime="20200508 22:01:25.650"></status>
</kw>
<kw name="Click Element" library="SeleniumLibrary">
<doc>Click the element identified by ``locator``.</doc>
<arguments>
<arg>id = welcome</arg>
</arguments>
<msg timestamp="20200508 22:01:25.656" level="INFO">Clicking element 'id = welcome'.</msg>
<status status="PASS" starttime="20200508 22:01:25.653" endtime="20200508 22:01:27.226"></status>
</kw>
<kw name="Click Element" library="SeleniumLibrary">
<doc>Click the element identified by ``locator``.</doc>
<arguments>
<arg>link = Logout</arg>
</arguments>
<msg timestamp="20200508 22:01:27.229" level="INFO">Clicking element 'link = Logout'.</msg>
<status status="PASS" starttime="20200508 22:01:27.228" endtime="20200508 22:01:28.179"></status>
</kw>
<kw name="Close Browser" library="SeleniumLibrary">
<doc>Closes the current browser.</doc>
<status status="PASS" starttime="20200508 22:01:28.180" endtime="20200508 22:01:32.271"></status>
</kw>
<kw name="Log" library="BuiltIn">
<doc>Logs the given message with the given level.</doc>
<arguments>
<arg>Test completed</arg>
</arguments>
<msg timestamp="20200508 22:01:32.277" level="INFO">Test completed</msg>
<status status="PASS" starttime="20200508 22:01:32.273" endtime="20200508 22:01:32.278"></status>
</kw>
<kw name="Log" library="BuiltIn">
<doc>Logs the given message with the given level.</doc>
<arguments>
<arg>This test was executed by %{username} on %{os}</arg>
</arguments>
<msg timestamp="20200508 22:01:32.281" level="INFO">This test was executed by Administrator on Windows_NT</msg>
<status status="PASS" starttime="20200508 22:01:32.279" endtime="20200508 22:01:32.282"></status>
</kw>
<kw name="Log" library="BuiltIn" type="teardown">
<doc>Logs the given message with the given level.</doc>
<arguments>
<arg>I am inside Test Teardown</arg>
</arguments>
<msg timestamp="20200508 22:01:32.285" level="INFO">I am inside Test Teardown</msg>
<status status="PASS" starttime="20200508 22:01:32.284" endtime="20200508 22:01:32.287"></status>
</kw>
<doc>This is a sample login test</doc>
<tags>
<tag>sanity</tag>
</tags>
<status status="PASS" starttime="20200508 22:01:16.705" endtime="20200508 22:01:32.288" critical="yes"></status>
</test>
<kw name="Log" library="BuiltIn" type="teardown">
<doc>Logs the given message with the given level.</doc>
<arguments>
<arg>I am inside Test Suite Teardown</arg>
</arguments>
<msg timestamp="20200508 22:01:32.298" level="INFO">I am inside Test Suite Teardown</msg>
<status status="PASS" starttime="20200508 22:01:32.295" endtime="20200508 22:01:32.300"></status>
</kw>
<status status="PASS" starttime="20200508 22:01:16.206" endtime="20200508 22:01:32.301"></status>
</suite>
<status status="PASS" starttime="20200508 22:01:16.197" endtime="20200508 22:01:32.321"></status>
</suite>
<status status="PASS" starttime="20200508 22:01:16.119" endtime="20200508 22:01:32.335"></status>
</suite>
<statistics>
<total>
<stat pass="1" fail="0">Critical Tests</stat>
<stat pass="1" fail="0">All Tests</stat>
</total>
<tag>
<stat pass="1" fail="0">sanity</stat>
</tag>
<suite>
<stat pass="1" fail="0" id="s1" name="RobotProject">RobotProject</stat>
<stat pass="1" fail="0" id="s1-s1" name="Test">RobotProject.Test</stat>
<stat pass="1" fail="0" id="s1-s1-s1" name="TestSuite1">RobotProject.Test.TestSuite1</stat>
</suite>
</statistics>
<errors>
</errors>
</robot>
